TN:
SF:public/controller/js/view.js
FN:2,(anonymous_0)
FN:6,(anonymous_1)
FN:10,(anonymous_2)
FN:15,(anonymous_3)
FN:16,(anonymous_4)
FN:20,(anonymous_5)
FN:24,(anonymous_6)
FN:28,(anonymous_7)
FNF:8
FNH:5
FNDA:3,(anonymous_0)
FNDA:0,(anonymous_1)
FNDA:1,(anonymous_2)
FNDA:2,(anonymous_3)
FNDA:2,(anonymous_4)
FNDA:2,(anonymous_5)
FNDA:0,(anonymous_6)
FNDA:0,(anonymous_7)
DA:3,3
DA:4,3
DA:6,3
DA:7,3
DA:11,1
DA:12,1
DA:16,2
DA:17,2
DA:19,2
DA:20,2
DA:21,2
DA:25,0
DA:29,0
DA:30,0
LF:14
LH:11
BRDA:15,0,0,1
BRDA:17,1,0,1
BRDA:17,1,1,1
BRF:3
BRH:3
end_of_record
TN:
SF:server/controller.js
FN:5,(anonymous_0)
FN:9,(anonymous_1)
FN:13,(anonymous_2)
FN:33,(anonymous_3)
FN:36,(anonymous_4)
FNF:5
FNH:5
FNDA:6,(anonymous_0)
FNDA:1,(anonymous_1)
FNDA:3,(anonymous_2)
FNDA:1,(anonymous_3)
FNDA:1,(anonymous_4)
DA:6,6
DA:10,1
DA:14,3
DA:15,3
DA:17,3
DA:21,3
DA:22,1
DA:23,1
DA:26,2
DA:27,1
DA:28,1
DA:30,1
DA:34,1
DA:36,1
DA:37,1
DA:38,1
DA:41,1
LF:17
LH:17
BRDA:21,0,0,1
BRDA:21,0,1,2
BRDA:26,1,0,1
BRDA:26,1,1,1
BRF:4
BRH:4
end_of_record
TN:
SF:server/routes.js
FN:13,(anonymous_0)
FN:67,(anonymous_1)
FN:79,(anonymous_2)
FN:80,(anonymous_3)
FNF:4
FNH:4
FNDA:10,(anonymous_0)
FNDA:2,(anonymous_1)
FNDA:10,(anonymous_2)
FNDA:2,(anonymous_3)
DA:9,1
DA:10,1
DA:13,1
DA:14,10
DA:16,10
DA:17,1
DA:20,1
DA:23,9
DA:24,1
DA:25,1
DA:28,8
DA:29,1
DA:30,1
DA:33,7
DA:34,1
DA:35,1
DA:36,1
DA:37,1
DA:40,6
DA:41,1
DA:42,1
DA:43,1
DA:47,1
DA:50,5
DA:51,4
DA:52,2
DA:54,2
DA:55,1
DA:60,2
DA:63,1
DA:64,1
DA:67,1
DA:68,2
DA:69,1
DA:70,1
DA:71,1
DA:74,1
DA:75,1
DA:76,1
DA:79,1
DA:80,10
LF:41
LH:41
BRDA:16,0,0,1
BRDA:16,0,1,9
BRDA:16,1,0,10
BRDA:16,1,1,8
BRDA:23,2,0,1
BRDA:23,2,1,8
BRDA:23,3,0,9
BRDA:23,3,1,7
BRDA:28,4,0,1
BRDA:28,4,1,7
BRDA:28,5,0,8
BRDA:28,5,1,6
BRDA:33,6,0,1
BRDA:33,6,1,6
BRDA:33,7,0,7
BRDA:33,7,1,2
BRDA:40,8,0,1
BRDA:40,8,1,5
BRDA:40,9,0,6
BRDA:40,9,1,5
BRDA:50,10,0,4
BRDA:50,10,1,1
BRDA:54,11,0,1
BRDA:54,11,1,1
BRDA:68,12,0,1
BRDA:68,12,1,1
BRF:26
BRH:26
end_of_record
TN:
SF:server/service.js
FN:19,(anonymous_0)
FN:27,(anonymous_1)
FN:39,(anonymous_2)
FN:43,(anonymous_3)
FN:47,(anonymous_4)
FN:59,(anonymous_5)
FN:68,(anonymous_6)
FN:70,(anonymous_7)
FN:82,(anonymous_8)
FN:96,(anonymous_9)
FN:99,(anonymous_10)
FN:103,(anonymous_11)
FN:113,(anonymous_12)
FNF:13
FNH:13
FNDA:17,(anonymous_0)
FNDA:1,(anonymous_1)
FNDA:2,(anonymous_2)
FNDA:1,(anonymous_3)
FNDA:3,(anonymous_4)
FNDA:4,(anonymous_5)
FNDA:1,(anonymous_6)
FNDA:1,(anonymous_7)
FNDA:2,(anonymous_8)
FNDA:3,(anonymous_9)
FNDA:2,(anonymous_10)
FNDA:1,(anonymous_11)
FNDA:1,(anonymous_12)
DA:16,3
DA:20,17
DA:21,17
DA:22,17
DA:23,17
DA:24,17
DA:28,1
DA:29,1
DA:31,1
DA:33,1
DA:40,2
DA:44,1
DA:48,3
DA:49,3
DA:55,3
DA:57,3
DA:59,4
DA:60,2
DA:61,1
DA:63,1
DA:64,1
DA:69,1
DA:71,1
DA:72,2
DA:73,1
DA:74,1
DA:76,1
DA:78,1
DA:83,2
DA:84,2
DA:86,1
DA:87,1
DA:90,1
DA:97,3
DA:100,2
DA:104,1
DA:105,1
DA:106,1
DA:107,1
DA:114,1
DA:116,1
LF:41
LH:41
BRDA:60,0,0,1
BRDA:60,0,1,1
BRDA:72,1,0,1
BRDA:72,1,1,1
BRF:4
BRH:4
end_of_record
TN:
SF:server/util.js
FNF:0
FNH:0
DA:3,3
DA:13,3
LF:2
LH:2
BRF:0
BRH:0
end_of_record
