TN:
SF:server/config.js
FNF:0
FNH:0
DA:4,3
DA:6,3
DA:7,3
DA:8,3
DA:9,3
DA:10,3
LF:6
LH:6
BRDA:13,0,0,3
BRDA:13,0,1,3
BRF:2
BRH:2
end_of_record
TN:
SF:server/controller.js
FN:4,(anonymous_0)
FN:8,(anonymous_1)
FNF:2
FNH:2
FNDA:2,(anonymous_0)
FNDA:1,(anonymous_1)
DA:5,2
DA:9,1
LF:2
LH:2
BRF:0
BRH:0
end_of_record
TN:
SF:server/routes.js
FN:12,(anonymous_0)
FN:49,(anonymous_1)
FN:61,(anonymous_2)
FN:62,(anonymous_3)
FNF:4
FNH:4
FNDA:8,(anonymous_0)
FNDA:2,(anonymous_1)
FNDA:8,(anonymous_2)
FNDA:2,(anonymous_3)
DA:9,1
DA:10,1
DA:12,1
DA:13,8
DA:15,8
DA:16,1
DA:19,1
DA:22,7
DA:23,1
DA:24,1
DA:27,6
DA:28,1
DA:29,1
DA:32,5
DA:33,4
DA:34,2
DA:36,2
DA:37,1
DA:42,2
DA:45,1
DA:46,1
DA:49,1
DA:50,2
DA:51,1
DA:52,1
DA:53,1
DA:56,1
DA:57,1
DA:58,1
DA:61,1
DA:62,8
LF:31
LH:31
BRDA:15,0,0,1
BRDA:15,0,1,7
BRDA:15,1,0,8
BRDA:15,1,1,7
BRDA:22,2,0,1
BRDA:22,2,1,6
BRDA:22,3,0,7
BRDA:22,3,1,6
BRDA:27,4,0,1
BRDA:27,4,1,5
BRDA:27,5,0,6
BRDA:27,5,1,5
BRDA:32,6,0,4
BRDA:32,6,1,1
BRDA:36,7,0,1
BRDA:36,7,1,1
BRDA:50,8,0,1
BRDA:50,8,1,1
BRF:18
BRH:18
end_of_record
TN:
SF:server/service.js
FN:11,(anonymous_0)
FN:15,(anonymous_1)
FN:26,(anonymous_2)
FNF:3
FNH:3
FNDA:1,(anonymous_0)
FNDA:1,(anonymous_1)
FNDA:1,(anonymous_2)
DA:8,3
DA:12,1
DA:16,1
DA:18,1
DA:19,1
DA:20,1
DA:27,1
DA:29,1
LF:8
LH:8
BRF:0
BRH:0
end_of_record
TN:
SF:server/util.js
FNF:0
FNH:0
DA:3,1
DA:13,1
LF:2
LH:2
BRF:0
BRH:0
end_of_record
TN:
SF:tests/unit/utils/test.util.js
FN:5,(anonymous_0)
FN:7,(anonymous_1)
FN:15,(anonymous_2)
FN:17,(anonymous_3)
FN:24,(anonymous_4)
FN:26,(anonymous_5)
FN:40,(anonymous_6)
FNF:7
FNH:4
FNDA:15,(anonymous_0)
FNDA:0,(anonymous_1)
FNDA:8,(anonymous_2)
FNDA:0,(anonymous_3)
FNDA:8,(anonymous_4)
FNDA:0,(anonymous_5)
FNDA:8,(anonymous_6)
DA:6,15
DA:8,0
DA:9,0
DA:11,0
DA:16,8
DA:18,0
DA:19,0
DA:25,8
DA:26,8
DA:27,8
DA:39,8
DA:40,8
LF:12
LH:7
BRF:0
BRH:0
end_of_record
